<?xml version="1.0" encoding="UTF-8"?>
<!-- Generated by org.testng.reporters.JUnitReportReporter -->
<testsuite hostname="Anmols-MacBook-Air-2.local" failures="0" tests="2" name="tests.QuerySolution" time="3.759" errors="0" timestamp="2022-11-09T16:27:59 IST" skipped="0">
  <testcase classname="tests.QuerySolution" name="Test_1" time="3.479"/>
  <system-out/>
  <testcase classname="tests.QuerySolution" name="Test_2" time="0.280"/>
  <system-out/>
</testsuite> <!-- tests.QuerySolution -->
