<?xml version="1.0" encoding="UTF-8"?>
<!-- Generated by org.testng.reporters.JUnitReportReporter -->
<testsuite hostname="Anmols-MacBook-Air-2.local" failures="0" tests="1" name="tests.QuerySolution" time="3.950" errors="0" timestamp="2022-11-09T02:20:18 IST" skipped="0">
  <testcase classname="tests.QuerySolution" name="Test_1" time="3.950"/>
  <system-out/>
</testsuite> <!-- tests.QuerySolution -->
